<?xml version="1.0" encoding="UTF-8"?>
<coverage generated="1786285976822" clover="3.2.0">
  <project timestamp="1786285976822" name="All files">
    <metrics statements="33" coveredstatements="28" conditionals="15" coveredconditionals="10" methods="8" coveredmethods="6" elements="56" coveredelements="44" complexity="0" loc="33" ncloc="33" packages="1" files="1" classes="1"/>
    <file name="feedback-coordinator.ts" path="/home/hoangsoft90/htdocs_apps/Multi-Stage-Repeating-Timer/src/features/feedback/feedback-coordinator.ts">
      <metrics statements="33" coveredstatements="28" conditionals="15" coveredconditionals="10" methods="8" coveredmethods="6"/>
      <line num="18" count="5" type="stmt"/>
      <line num="19" count="5" type="stmt"/>
      <line num="23" count="1" type="stmt"/>
      <line num="24" count="1" type="stmt"/>
      <line num="25" count="1" type="stmt"/>
      <line num="26" count="1" type="stmt"/>
      <line num="30" count="4" type="stmt"/>
      <line num="31" count="8" type="stmt"/>
      <line num="38" count="8" type="stmt"/>
      <line num="39" count="8" type="cond" truecount="3" falsecount="2"/>
      <line num="45" count="5" type="stmt"/>
      <line num="46" count="5" type="stmt"/>
      <line num="47" count="5" type="stmt"/>
      <line num="48" count="5" type="cond" truecount="2" falsecount="2"/>
      <line num="49" count="0" type="stmt"/>
      <line num="51" count="5" type="stmt"/>
      <line num="52" count="5" type="stmt"/>
      <line num="54" count="5" type="cond" truecount="4" falsecount="0"/>
      <line num="55" count="4" type="stmt"/>
      <line num="57" count="5" type="stmt"/>
      <line num="60" count="2" type="stmt"/>
      <line num="61" count="2" type="stmt"/>
      <line num="62" count="2" type="stmt"/>
      <line num="64" count="0" type="stmt"/>
      <line num="65" count="0" type="stmt"/>
      <line num="67" count="1" type="stmt"/>
      <line num="68" count="1" type="stmt"/>
      <line num="69" count="1" type="stmt"/>
      <line num="70" count="1" type="cond" truecount="1" falsecount="1"/>
      <line num="71" count="1" type="stmt"/>
      <line num="73" count="1" type="stmt"/>
      <line num="75" count="0" type="stmt"/>
      <line num="83" count="0" type="stmt"/>
    </file>
  </project>
</coverage>
