{"/home/hoangsoft90/htdocs_apps/Multi-Stage-Repeating-Timer/src/features/feedback/feedback-coordinator.ts": {"path":"/home/hoangsoft90/htdocs_apps/Multi-Stage-Repeating-Timer/src/features/feedback/feedback-coordinator.ts","statementMap":{"0":{"start":{"line":18,"column":4},"end":{"line":18,"column":25}},"1":{"start":{"line":19,"column":4},"end":{"line":19,"column":29}},"2":{"start":{"line":23,"column":4},"end":{"line":23,"column":29}},"3":{"start":{"line":24,"column":4},"end":{"line":24,"column":44}},"4":{"start":{"line":25,"column":4},"end":{"line":25,"column":50}},"5":{"start":{"line":26,"column":4},"end":{"line":26,"column":45}},"6":{"start":{"line":30,"column":4},"end":{"line":32,"column":7}},"7":{"start":{"line":31,"column":6},"end":{"line":31,"column":31}},"8":{"start":{"line":38,"column":4},"end":{"line":79,"column":5}},"9":{"start":{"line":39,"column":6},"end":{"line":76,"column":7}},"10":{"start":{"line":45,"column":24},"end":{"line":45,"column":77}},"11":{"start":{"line":46,"column":25},"end":{"line":46,"column":50}},"12":{"start":{"line":47,"column":23},"end":{"line":47,"column":53}},"13":{"start":{"line":48,"column":10},"end":{"line":50,"column":11}},"14":{"start":{"line":49,"column":12},"end":{"line":49,"column":38}},"15":{"start":{"line":51,"column":10},"end":{"line":51,"column":35}},"16":{"start":{"line":52,"column":10},"end":{"line":52,"column":49}},"17":{"start":{"line":54,"column":10},"end":{"line":56,"column":11}},"18":{"start":{"line":55,"column":12},"end":{"line":55,"column":58}},"19":{"start":{"line":57,"column":10},"end":{"line":57,"column":16}},"20":{"start":{"line":60,"column":10},"end":{"line":60,"column":41}},"21":{"start":{"line":61,"column":10},"end":{"line":61,"column":49}},"22":{"start":{"line":62,"column":10},"end":{"line":62,"column":16}},"23":{"start":{"line":64,"column":10},"end":{"line":64,"column":50}},"24":{"start":{"line":65,"column":10},"end":{"line":65,"column":16}},"25":{"start":{"line":67,"column":10},"end":{"line":67,"column":41}},"26":{"start":{"line":68,"column":10},"end":{"line":68,"column":50}},"27":{"start":{"line":69,"column":10},"end":{"line":69,"column":91}},"28":{"start":{"line":70,"column":10},"end":{"line":72,"column":11}},"29":{"start":{"line":71,"column":12},"end":{"line":71,"column":68}},"30":{"start":{"line":73,"column":10},"end":{"line":73,"column":16}},"31":{"start":{"line":75,"column":10},"end":{"line":75,"column":16}},"32":{"start":{"line":83,"column":4},"end":{"line":83,"column":42}}},"fnMap":{"0":{"name":"(anonymous_0)","decl":{"start":{"line":17,"column":2},"end":{"line":17,"column":3}},"loc":{"start":{"line":17,"column":55},"end":{"line":20,"column":3}},"line":17},"1":{"name":"(anonymous_1)","decl":{"start":{"line":22,"column":2},"end":{"line":22,"column":3}},"loc":{"start":{"line":22,"column":43},"end":{"line":27,"column":3}},"line":22},"2":{"name":"(anonymous_2)","decl":{"start":{"line":29,"column":2},"end":{"line":29,"column":3}},"loc":{"start":{"line":29,"column":17},"end":{"line":33,"column":3}},"line":29},"3":{"name":"(anonymous_3)","decl":{"start":{"line":30,"column":33},"end":{"line":30,"column":34}},"loc":{"start":{"line":30,"column":44},"end":{"line":32,"column":5}},"line":30},"4":{"name":"(anonymous_4)","decl":{"start":{"line":35,"column":2},"end":{"line":35,"column":3}},"loc":{"start":{"line":37,"column":19},"end":{"line":80,"column":3}},"line":37},"5":{"name":"(anonymous_5)","decl":{"start":{"line":55,"column":48},"end":{"line":55,"column":49}},"loc":{"start":{"line":55,"column":54},"end":{"line":55,"column":56}},"line":55},"6":{"name":"(anonymous_6)","decl":{"start":{"line":71,"column":58},"end":{"line":71,"column":59}},"loc":{"start":{"line":71,"column":64},"end":{"line":71,"column":66}},"line":71},"7":{"name":"(anonymous_7)","decl":{"start":{"line":82,"column":2},"end":{"line":82,"column":3}},"loc":{"start":{"line":82,"column":48},"end":{"line":84,"column":3}},"line":82}},"branchMap":{"0":{"loc":{"start":{"line":39,"column":6},"end":{"line":76,"column":7}},"type":"switch","locations":[{"start":{"line":40,"column":8},"end":{"line":58,"column":9}},{"start":{"line":59,"column":8},"end":{"line":62,"column":16}},{"start":{"line":63,"column":8},"end":{"line":65,"column":16}},{"start":{"line":66,"column":8},"end":{"line":73,"column":16}},{"start":{"line":74,"column":8},"end":{"line":75,"column":16}}],"line":39},"1":{"loc":{"start":{"line":48,"column":10},"end":{"line":50,"column":11}},"type":"if","locations":[{"start":{"line":48,"column":10},"end":{"line":50,"column":11}},{"start":{},"end":{}}],"line":48},"2":{"loc":{"start":{"line":48,"column":14},"end":{"line":48,"column":58}},"type":"binary-expr","locations":[{"start":{"line":48,"column":14},"end":{"line":48,"column":28}},{"start":{"line":48,"column":32},"end":{"line":48,"column":58}}],"line":48},"3":{"loc":{"start":{"line":54,"column":10},"end":{"line":56,"column":11}},"type":"if","locations":[{"start":{"line":54,"column":10},"end":{"line":56,"column":11}},{"start":{},"end":{}}],"line":54},"4":{"loc":{"start":{"line":54,"column":14},"end":{"line":54,"column":55}},"type":"binary-expr","locations":[{"start":{"line":54,"column":14},"end":{"line":54,"column":40}},{"start":{"line":54,"column":44},"end":{"line":54,"column":55}}],"line":54},"5":{"loc":{"start":{"line":70,"column":10},"end":{"line":72,"column":11}},"type":"if","locations":[{"start":{"line":70,"column":10},"end":{"line":72,"column":11}},{"start":{},"end":{}}],"line":70}},"s":{"0":5,"1":5,"2":1,"3":1,"4":1,"5":1,"6":4,"7":8,"8":8,"9":8,"10":5,"11":5,"12":5,"13":5,"14":0,"15":5,"16":5,"17":5,"18":4,"19":5,"20":2,"21":2,"22":2,"23":0,"24":0,"25":1,"26":1,"27":1,"28":1,"29":1,"30":1,"31":0,"32":0},"f":{"0":5,"1":1,"2":4,"3":8,"4":8,"5":1,"6":0,"7":0},"b":{"0":[5,2,0,1,0],"1":[0,5],"2":[5,0],"3":[4,1],"4":[5,4],"5":[1,0]},"_coverageSchema":"1a1c01bbd47fc00a2c39e90264f33305004495a9","hash":"e5111a98f124a18dacaeb5cf2956d34067bfac34"}
}
