TN:
SF:src/features/feedback/feedback-coordinator.ts
FN:17,(anonymous_0)
FN:22,(anonymous_1)
FN:29,(anonymous_2)
FN:30,(anonymous_3)
FN:35,(anonymous_4)
FN:55,(anonymous_5)
FN:71,(anonymous_6)
FN:82,(anonymous_7)
FNF:8
FNH:6
FNDA:5,(anonymous_0)
FNDA:1,(anonymous_1)
FNDA:4,(anonymous_2)
FNDA:8,(anonymous_3)
FNDA:8,(anonymous_4)
FNDA:1,(anonymous_5)
FNDA:0,(anonymous_6)
FNDA:0,(anonymous_7)
DA:18,5
DA:19,5
DA:23,1
DA:24,1
DA:25,1
DA:26,1
DA:30,4
DA:31,8
DA:38,8
DA:39,8
DA:45,5
DA:46,5
DA:47,5
DA:48,5
DA:49,0
DA:51,5
DA:52,5
DA:54,5
DA:55,4
DA:57,5
DA:60,2
DA:61,2
DA:62,2
DA:64,0
DA:65,0
DA:67,1
DA:68,1
DA:69,1
DA:70,1
DA:71,1
DA:73,1
DA:75,0
DA:83,0
LF:33
LH:28
BRDA:39,0,0,5
BRDA:39,0,1,2
BRDA:39,0,2,0
BRDA:39,0,3,1
BRDA:39,0,4,0
BRDA:48,1,0,0
BRDA:48,1,1,5
BRDA:48,2,0,5
BRDA:48,2,1,0
BRDA:54,3,0,4
BRDA:54,3,1,1
BRDA:54,4,0,5
BRDA:54,4,1,4
BRDA:70,5,0,1
BRDA:70,5,1,0
BRF:15
BRH:10
end_of_record
